<?xml version="1.0" encoding="UTF-8"?>
<testng-results skipped="0" failed="0" ignored="0" total="1" passed="1">
  <reporter-output>
  </reporter-output>
  <suite name="Default suite" duration-ms="11879" started-at="2019-09-26T00:02:34Z" finished-at="2019-09-26T00:02:46Z">
    <groups>
      <group name="regrassion_Test">
        <method signature="Call_Methods.call_methods()[pri:0, instance:com.Walmart_Test.Call_Methods@5419f379]" name="call_methods" class="com.Walmart_Test.Call_Methods"/>
      </group> <!-- regrassion_Test -->
    </groups>
    <test name="Default test" duration-ms="11879" started-at="2019-09-26T00:02:34Z" finished-at="2019-09-26T00:02:46Z">
      <class name="com.Walmart_Test.Call_Methods">
        <test-method status="PASS" signature="beforclass()[pri:0, instance:com.Walmart_Test.Call_Methods@5419f379]" name="beforclass" is-config="true" duration-ms="19" started-at="2019-09-25T20:02:34Z" finished-at="2019-09-25T20:02:34Z">
          <reporter-output>
          </reporter-output>
        </test-method> <!-- beforclass -->
        <test-method status="PASS" signature="beforMethod()[pri:0, instance:com.Walmart_Test.Call_Methods@5419f379]" name="beforMethod" is-config="true" duration-ms="4517" started-at="2019-09-25T20:02:34Z" finished-at="2019-09-25T20:02:39Z">
          <reporter-output>
          </reporter-output>
        </test-method> <!-- beforMethod -->
        <test-method status="PASS" signature="call_methods()[pri:0, instance:com.Walmart_Test.Call_Methods@5419f379]" name="call_methods" duration-ms="5661" started-at="2019-09-25T20:02:39Z" finished-at="2019-09-25T20:02:44Z">
          <reporter-output>
          </reporter-output>
        </test-method> <!-- call_methods -->
        <test-method status="PASS" signature="afterMethod()[pri:0, instance:com.Walmart_Test.Call_Methods@5419f379]" name="afterMethod" is-config="true" duration-ms="1644" started-at="2019-09-25T20:02:44Z" finished-at="2019-09-25T20:02:46Z">
          <reporter-output>
          </reporter-output>
        </test-method> <!-- afterMethod -->
      </class> <!-- com.Walmart_Test.Call_Methods -->
    </test> <!-- Default test -->
  </suite> <!-- Default suite -->
</testng-results>
